2025-06-29 05:38:25 [main] INFO  c.p.o.OrderServiceApplication - Starting OrderServiceApplication v0.0.1-SNAPSHOT using Java 21.0.7 with PID 1 (/app/app.jar started by root in /app)
2025-06-29 05:38:25 [main] DEBUG c.p.o.OrderServiceApplication - Running with Spring Boot v3.5.0, Spring v6.2.7
2025-06-29 05:38:25 [main] INFO  c.p.o.OrderServiceApplication - The following 1 profile is active: "dev"
2025-06-29 05:38:26 [main] INFO  o.s.c.c.c.ConfigServerConfigDataLoader - Fetching config from server at : http://localhost:9296
2025-06-29 05:38:26 [main] INFO  o.s.c.c.c.ConfigServerConfigDataLoader - Exception on Url - http://localhost:9296:org.springframework.web.client.ResourceAccessException: I/O error on GET request for "http://localhost:9296/ORDER-SERVICE/default": Connection refused. Will be trying the next url if available
2025-06-29 05:38:26 [main] WARN  o.s.c.c.c.ConfigServerConfigDataLoader - Could not locate PropertySource ([ConfigServerConfigDataResource@4fbb001b uris = array<String>['http://localhost:9296'], optional = true, profiles = 'default']): I/O error on GET request for "http://localhost:9296/ORDER-SERVICE/default": Connection refused
2025-06-29 05:38:26 [main] INFO  o.s.c.c.c.ConfigServerConfigDataLoader - Fetching config from server at : http://localhost:9296
2025-06-29 05:38:26 [main] INFO  o.s.c.c.c.ConfigServerConfigDataLoader - Exception on Url - http://localhost:9296:org.springframework.web.client.ResourceAccessException: I/O error on GET request for "http://localhost:9296/ORDER-SERVICE/dev": Connection refused. Will be trying the next url if available
2025-06-29 05:38:26 [main] WARN  o.s.c.c.c.ConfigServerConfigDataLoader - Could not locate PropertySource ([ConfigServerConfigDataResource@55b5e331 uris = array<String>['http://localhost:9296'], optional = true, profiles = 'dev']): I/O error on GET request for "http://localhost:9296/ORDER-SERVICE/dev": Connection refused
2025-06-29 05:38:26 [main] INFO  o.s.c.c.c.ConfigServerConfigDataLoader - Fetching config from server at : http://localhost:9296
2025-06-29 05:38:26 [main] INFO  o.s.c.c.c.ConfigServerConfigDataLoader - Exception on Url - http://localhost:9296:org.springframework.web.client.ResourceAccessException: I/O error on GET request for "http://localhost:9296/ORDER-SERVICE/default": Connection refused. Will be trying the next url if available
2025-06-29 05:38:26 [main] WARN  o.s.c.c.c.ConfigServerConfigDataLoader - Could not locate PropertySource ([ConfigServerConfigDataResource@6034e75d uris = array<String>['http://localhost:9296'], optional = true, profiles = 'default']): I/O error on GET request for "http://localhost:9296/ORDER-SERVICE/default": Connection refused
2025-06-29 05:38:37 [main] INFO  o.s.d.r.c.RepositoryConfigurationDelegate - Bootstrapping Spring Data JPA repositories in DEFAULT mode.
2025-06-29 05:38:38 [main] INFO  o.s.d.r.c.RepositoryConfigurationDelegate - Finished Spring Data repository scanning in 1645 ms. Found 2 JPA repository interfaces.
2025-06-29 05:38:41 [main] INFO  o.s.cloud.context.scope.GenericScope - BeanFactory id=ebc288ec-7825-38c2-876f-3396b08eaedd
2025-06-29 05:38:45 [main] WARN  o.s.c.s.PostProcessorRegistrationDelegate$BeanPostProcessorChecker - Bean 'org.springframework.cloud.client.loadbalancer.LoadBalancerAutoConfiguration$DeferringLoadBalancerInterceptorConfig' of type [org.springframework.cloud.client.loadbalancer.LoadBalancerAutoConfiguration$DeferringLoadBalancerInterceptorConfig] is not eligible for getting processed by all BeanPostProcessors (for example: not eligible for auto-proxying). The currently created BeanPostProcessor [lbRestClientPostProcessor] is declared through a non-static factory method on that class; consider declaring it as static instead.
2025-06-29 05:38:45 [main] WARN  o.s.c.s.PostProcessorRegistrationDelegate$BeanPostProcessorChecker - Bean 'deferringLoadBalancerInterceptor' of type [org.springframework.cloud.client.loadbalancer.DeferringLoadBalancerInterceptor] is not eligible for getting processed by all BeanPostProcessors (for example: not eligible for auto-proxying). Is this bean getting eagerly injected/applied to a currently created BeanPostProcessor [lbRestClientPostProcessor]? Check the corresponding BeanPostProcessor declaration and its dependencies/advisors. If this bean does not have to be post-processed, declare it with ROLE_INFRASTRUCTURE.
2025-06-29 05:38:47 [main] INFO  o.s.b.w.e.tomcat.TomcatWebServer - Tomcat initialized with port 8600 (http)
2025-06-29 05:38:47 [main] INFO  o.a.catalina.core.StandardService - Starting service [Tomcat]
2025-06-29 05:38:47 [main] INFO  o.a.catalina.core.StandardEngine - Starting Servlet engine: [Apache Tomcat/10.1.41]
2025-06-29 05:38:48 [main] INFO  o.a.c.c.C.[.[.[/order-service] - Initializing Spring embedded WebApplicationContext
2025-06-29 05:38:48 [main] INFO  o.s.b.w.s.c.ServletWebServerApplicationContext - Root WebApplicationContext: initialization completed in 21505 ms
2025-06-29 05:38:50 [main] DEBUG o.s.w.f.ServerHttpObservationFilter - Filter 'webMvcObservationFilter' configured for use
2025-06-29 05:38:51 [main] INFO  com.zaxxer.hikari.HikariDataSource - HikariPool-1 - Starting...
2025-06-29 05:38:54 [main] INFO  com.zaxxer.hikari.pool.HikariPool - HikariPool-1 - Added connection com.mysql.cj.jdbc.ConnectionImpl@600e2000
2025-06-29 05:38:54 [main] INFO  com.zaxxer.hikari.HikariDataSource - HikariPool-1 - Start completed.
2025-06-29 05:38:54 [main] INFO  org.flywaydb.core.FlywayExecutor - Database: jdbc:mysql://order-mysql:3306/order_service?createDatabaseIfNotExist=true&characterEncoding=UTF-8&useUnicode=true&allowMultiQueries=true (MySQL 8.0)
2025-06-29 05:38:54 [main] INFO  o.f.c.i.s.JdbcTableSchemaHistory - Schema history table `order_service`.`flyway_schema_history` does not exist yet
2025-06-29 05:38:54 [main] INFO  o.f.core.internal.command.DbValidate - Successfully validated 2 migrations (execution time 00:00.232s)
2025-06-29 05:38:55 [main] INFO  org.flywaydb.core.Flyway - All configured schemas are empty; baseline operation skipped. A baseline or migration script with a lower version than the baseline version may execute if available. Check the Schemas parameter if this is not intended.
2025-06-29 05:38:55 [main] INFO  o.f.c.i.s.JdbcTableSchemaHistory - Creating Schema History table `order_service`.`flyway_schema_history` ...
2025-06-29 05:38:56 [main] INFO  o.f.core.internal.command.DbMigrate - Current version of schema `order_service`: << Empty Schema >>
2025-06-29 05:38:56 [main] INFO  o.f.core.internal.command.DbMigrate - Migrating schema `order_service` to version "1 - create orders table"
2025-06-29 05:38:56 [main] INFO  o.f.core.internal.command.DbMigrate - Migrating schema `order_service` to version "2 - create order items table"
2025-06-29 05:38:56 [main] INFO  o.f.core.internal.command.DbMigrate - Successfully applied 2 migrations to schema `order_service`, now at version v2 (execution time 00:00.397s)
2025-06-29 05:38:57 [main] INFO  o.h.jpa.internal.util.LogHelper - HHH000204: Processing PersistenceUnitInfo [name: default]
2025-06-29 05:38:58 [main] INFO  org.hibernate.Version - HHH000412: Hibernate ORM core version 6.6.15.Final
2025-06-29 05:38:58 [main] INFO  o.h.c.i.RegionFactoryInitiator - HHH000026: Second-level cache disabled
2025-06-29 05:39:00 [main] INFO  o.s.o.j.p.SpringPersistenceUnitInfo - No LoadTimeWeaver setup: ignoring JPA class transformer
2025-06-29 05:39:01 [main] INFO  o.hibernate.orm.connections.pooling - HHH10001005: Database info:
	Database JDBC URL [Connecting through datasource 'HikariDataSource (HikariPool-1)']
	Database driver: undefined/unknown
	Database version: 8.0.42
	Autocommit mode: undefined/unknown
	Isolation level: undefined/unknown
	Minimum pool size: undefined/unknown
	Maximum pool size: undefined/unknown
2025-06-29 05:39:05 [main] INFO  o.h.e.t.j.p.i.JtaPlatformInitiator - HHH000489: No JTA platform available (set 'hibernate.transaction.jta.platform' to enable JTA platform integration)
2025-06-29 05:39:05 [main] INFO  o.s.o.j.LocalContainerEntityManagerFactoryBean - Initialized JPA EntityManagerFactory for persistence unit 'default'
2025-06-29 05:39:09 [main] WARN  o.s.b.a.o.j.JpaBaseConfiguration$JpaWebConfiguration - spring.jpa.open-in-view is enabled by default. Therefore, database queries may be performed during view rendering. Explicitly configure spring.jpa.open-in-view to disable this warning
2025-06-29 05:39:10 [main] DEBUG o.s.w.s.m.m.a.RequestMappingHandlerMapping - 10 mappings in 'requestMappingHandlerMapping'
2025-06-29 05:39:11 [main] DEBUG o.s.w.s.h.SimpleUrlHandlerMapping - Patterns [/webjars/**, /**, /swagger-ui*/*swagger-initializer.js, /swagger-ui*/**] in 'resourceHandlerMapping'
2025-06-29 05:39:11 [main] DEBUG o.s.w.s.m.m.a.RequestMappingHandlerAdapter - ControllerAdvice beans: 0 @ModelAttribute, 0 @InitBinder, 1 RequestBodyAdvice, 1 ResponseBodyAdvice
2025-06-29 05:39:12 [main] DEBUG o.s.w.s.m.m.a.ExceptionHandlerExceptionResolver - ControllerAdvice beans: 1 @ExceptionHandler, 1 ResponseBodyAdvice
2025-06-29 05:39:16 [main] INFO  o.s.c.n.e.c.DiscoveryClientOptionalArgsConfiguration - Eureka HTTP Client uses RestTemplate.
2025-06-29 05:39:16 [main] WARN  o.s.b.w.s.c.AnnotationConfigServletWebServerApplicationContext - Exception encountered during context initialization - cancelling refresh attempt: org.springframework.beans.factory.BeanCreationException: Error creating bean with name 'compositeCompatibilityVerifier' defined in class path resource [org/springframework/cloud/configuration/CompatibilityVerifierAutoConfiguration.class]: Failed to instantiate [org.springframework.cloud.configuration.CompositeCompatibilityVerifier]: Factory method 'compositeCompatibilityVerifier' threw exception with message: Spring Cloud/ Spring Boot version compatibility checks have failed: [[VerificationResult@40889699 description = 'Spring Boot [3.5.0] is not compatible with this Spring Cloud release train', action = 'Change Spring Boot version to one of the following versions [3.2.x, 3.3.x] .
You can find the latest Spring Boot versions here [https://spring.io/projects/spring-boot#learn]. 
If you want to learn more about the Spring Cloud Release train compatibility, you can visit this page [https://spring.io/projects/spring-cloud#overview] and check the [Release Trains] section.
If you want to disable this check, just set the property [spring.cloud.compatibility-verifier.enabled=false]']]
2025-06-29 05:39:16 [main] INFO  o.s.o.j.LocalContainerEntityManagerFactoryBean - Closing JPA EntityManagerFactory for persistence unit 'default'
2025-06-29 05:39:16 [main] INFO  com.zaxxer.hikari.HikariDataSource - HikariPool-1 - Shutdown initiated...
2025-06-29 05:39:16 [main] INFO  com.zaxxer.hikari.HikariDataSource - HikariPool-1 - Shutdown completed.
2025-06-29 05:39:16 [main] INFO  o.a.catalina.core.StandardService - Stopping service [Tomcat]
2025-06-29 05:39:16 [main] INFO  o.s.b.a.l.ConditionEvaluationReportLogger - 

Error starting ApplicationContext. To display the condition evaluation report re-run your application with 'debug' enabled.
2025-06-29 05:39:17 [main] ERROR o.s.b.d.LoggingFailureAnalysisReporter - 

***************************
APPLICATION FAILED TO START
***************************

Description:

Your project setup is incompatible with our requirements due to following reasons:

- Spring Boot [3.5.0] is not compatible with this Spring Cloud release train


Action:

Consider applying the following actions:

- Change Spring Boot version to one of the following versions [3.2.x, 3.3.x] .
You can find the latest Spring Boot versions here [https://spring.io/projects/spring-boot#learn]. 
If you want to learn more about the Spring Cloud Release train compatibility, you can visit this page [https://spring.io/projects/spring-cloud#overview] and check the [Release Trains] section.
If you want to disable this check, just set the property [spring.cloud.compatibility-verifier.enabled=false]


2025-06-29 05:47:08 [main] INFO  c.p.o.OrderServiceApplication - Starting OrderServiceApplication v0.0.1-SNAPSHOT using Java 21.0.7 with PID 1 (/app/app.jar started by root in /app)
2025-06-29 05:47:08 [main] DEBUG c.p.o.OrderServiceApplication - Running with Spring Boot v3.3.0, Spring v6.1.8
2025-06-29 05:47:08 [main] INFO  c.p.o.OrderServiceApplication - The following 1 profile is active: "dev"
2025-06-29 05:47:08 [main] INFO  o.s.c.c.c.ConfigServerConfigDataLoader - Fetching config from server at : http://localhost:9296
2025-06-29 05:47:08 [main] INFO  o.s.c.c.c.ConfigServerConfigDataLoader - Exception on Url - http://localhost:9296:org.springframework.web.client.ResourceAccessException: I/O error on GET request for "http://localhost:9296/ORDER-SERVICE/default": Connection refused. Will be trying the next url if available
2025-06-29 05:47:08 [main] WARN  o.s.c.c.c.ConfigServerConfigDataLoader - Could not locate PropertySource ([ConfigServerConfigDataResource@5d332969 uris = array<String>['http://localhost:9296'], optional = true, profiles = 'default']): I/O error on GET request for "http://localhost:9296/ORDER-SERVICE/default": Connection refused
2025-06-29 05:47:08 [main] INFO  o.s.c.c.c.ConfigServerConfigDataLoader - Fetching config from server at : http://localhost:9296
2025-06-29 05:47:08 [main] INFO  o.s.c.c.c.ConfigServerConfigDataLoader - Exception on Url - http://localhost:9296:org.springframework.web.client.ResourceAccessException: I/O error on GET request for "http://localhost:9296/ORDER-SERVICE/dev": Connection refused. Will be trying the next url if available
2025-06-29 05:47:08 [main] WARN  o.s.c.c.c.ConfigServerConfigDataLoader - Could not locate PropertySource ([ConfigServerConfigDataResource@5dda14d0 uris = array<String>['http://localhost:9296'], optional = true, profiles = 'dev']): I/O error on GET request for "http://localhost:9296/ORDER-SERVICE/dev": Connection refused
2025-06-29 05:47:08 [main] INFO  o.s.c.c.c.ConfigServerConfigDataLoader - Fetching config from server at : http://localhost:9296
2025-06-29 05:47:08 [main] INFO  o.s.c.c.c.ConfigServerConfigDataLoader - Exception on Url - http://localhost:9296:org.springframework.web.client.ResourceAccessException: I/O error on GET request for "http://localhost:9296/ORDER-SERVICE/default": Connection refused. Will be trying the next url if available
2025-06-29 05:47:08 [main] WARN  o.s.c.c.c.ConfigServerConfigDataLoader - Could not locate PropertySource ([ConfigServerConfigDataResource@1db0ec27 uris = array<String>['http://localhost:9296'], optional = true, profiles = 'default']): I/O error on GET request for "http://localhost:9296/ORDER-SERVICE/default": Connection refused
2025-06-29 05:47:12 [main] INFO  o.s.d.r.c.RepositoryConfigurationDelegate - Bootstrapping Spring Data JPA repositories in DEFAULT mode.
2025-06-29 05:47:13 [main] INFO  o.s.d.r.c.RepositoryConfigurationDelegate - Finished Spring Data repository scanning in 444 ms. Found 2 JPA repository interfaces.
2025-06-29 05:47:14 [main] INFO  o.s.cloud.context.scope.GenericScope - BeanFactory id=d051600d-dc4e-3f76-a5db-6a5c8080ab49
2025-06-29 05:47:15 [main] WARN  o.s.c.s.PostProcessorRegistrationDelegate$BeanPostProcessorChecker - Bean 'org.springframework.cloud.client.loadbalancer.LoadBalancerAutoConfiguration$DeferringLoadBalancerInterceptorConfig' of type [org.springframework.cloud.client.loadbalancer.LoadBalancerAutoConfiguration$DeferringLoadBalancerInterceptorConfig] is not eligible for getting processed by all BeanPostProcessors (for example: not eligible for auto-proxying). The currently created BeanPostProcessor [lbRestClientPostProcessor] is declared through a non-static factory method on that class; consider declaring it as static instead.
2025-06-29 05:47:15 [main] WARN  o.s.c.s.PostProcessorRegistrationDelegate$BeanPostProcessorChecker - Bean 'deferringLoadBalancerInterceptor' of type [org.springframework.cloud.client.loadbalancer.DeferringLoadBalancerInterceptor] is not eligible for getting processed by all BeanPostProcessors (for example: not eligible for auto-proxying). Is this bean getting eagerly injected into a currently created BeanPostProcessor [lbRestClientPostProcessor]? Check the corresponding BeanPostProcessor declaration and its dependencies.
2025-06-29 05:47:16 [main] INFO  o.s.b.w.e.tomcat.TomcatWebServer - Tomcat initialized with port 8600 (http)
2025-06-29 05:47:16 [main] INFO  o.a.catalina.core.StandardService - Starting service [Tomcat]
2025-06-29 05:47:16 [main] INFO  o.a.catalina.core.StandardEngine - Starting Servlet engine: [Apache Tomcat/10.1.24]
2025-06-29 05:47:16 [main] INFO  o.a.c.c.C.[.[.[/order-service] - Initializing Spring embedded WebApplicationContext
2025-06-29 05:47:16 [main] INFO  o.s.b.w.s.c.ServletWebServerApplicationContext - Root WebApplicationContext: initialization completed in 7896 ms
2025-06-29 05:47:17 [main] DEBUG o.s.w.f.ServerHttpObservationFilter - Filter 'webMvcObservationFilter' configured for use
2025-06-29 05:47:17 [main] INFO  com.zaxxer.hikari.HikariDataSource - HikariPool-1 - Starting...
2025-06-29 05:47:18 [main] INFO  com.zaxxer.hikari.pool.HikariPool - HikariPool-1 - Added connection com.mysql.cj.jdbc.ConnectionImpl@4e25282d
2025-06-29 05:47:18 [main] INFO  com.zaxxer.hikari.HikariDataSource - HikariPool-1 - Start completed.
2025-06-29 05:47:18 [main] INFO  org.flywaydb.core.FlywayExecutor - Database: jdbc:mysql://order-mysql:3306/order_service (MySQL 8.0)
2025-06-29 05:47:18 [main] INFO  o.f.core.internal.command.DbValidate - Successfully validated 2 migrations (execution time 00:00.084s)
2025-06-29 05:47:18 [main] INFO  o.f.core.internal.command.DbMigrate - Current version of schema `order_service`: 2
2025-06-29 05:47:18 [main] INFO  o.f.core.internal.command.DbMigrate - Schema `order_service` is up to date. No migration necessary.
2025-06-29 05:47:19 [main] INFO  o.h.jpa.internal.util.LogHelper - HHH000204: Processing PersistenceUnitInfo [name: default]
2025-06-29 05:47:19 [main] INFO  org.hibernate.Version - HHH000412: Hibernate ORM core version 6.5.2.Final
2025-06-29 05:47:19 [main] INFO  o.h.c.i.RegionFactoryInitiator - HHH000026: Second-level cache disabled
2025-06-29 05:47:19 [main] INFO  o.s.o.j.p.SpringPersistenceUnitInfo - No LoadTimeWeaver setup: ignoring JPA class transformer
2025-06-29 05:47:21 [main] INFO  o.h.e.t.j.p.i.JtaPlatformInitiator - HHH000489: No JTA platform available (set 'hibernate.transaction.jta.platform' to enable JTA platform integration)
2025-06-29 05:47:21 [main] INFO  o.s.o.j.LocalContainerEntityManagerFactoryBean - Initialized JPA EntityManagerFactory for persistence unit 'default'
2025-06-29 05:47:23 [main] WARN  o.s.b.a.o.j.JpaBaseConfiguration$JpaWebConfiguration - spring.jpa.open-in-view is enabled by default. Therefore, database queries may be performed during view rendering. Explicitly configure spring.jpa.open-in-view to disable this warning
2025-06-29 05:47:23 [main] DEBUG o.s.w.s.m.m.a.RequestMappingHandlerMapping - 10 mappings in 'requestMappingHandlerMapping'
2025-06-29 05:47:24 [main] DEBUG o.s.w.s.h.SimpleUrlHandlerMapping - Patterns [/webjars/**, /**, /swagger-ui*/*swagger-initializer.js, /swagger-ui*/**] in 'resourceHandlerMapping'
2025-06-29 05:47:24 [main] DEBUG o.s.w.s.m.m.a.RequestMappingHandlerAdapter - ControllerAdvice beans: 0 @ModelAttribute, 0 @InitBinder, 1 RequestBodyAdvice, 1 ResponseBodyAdvice
2025-06-29 05:47:24 [main] DEBUG o.s.w.s.m.m.a.ExceptionHandlerExceptionResolver - ControllerAdvice beans: 1 @ExceptionHandler, 1 ResponseBodyAdvice
2025-06-29 05:47:27 [main] INFO  o.s.c.n.e.c.DiscoveryClientOptionalArgsConfiguration - Eureka HTTP Client uses RestTemplate.
2025-06-29 05:47:27 [main] WARN  o.s.c.l.c.LoadBalancerCacheAutoConfiguration$LoadBalancerCaffeineWarnLogger - Spring Cloud LoadBalancer is currently working with the default cache. While this cache implementation is useful for development and tests, it's recommended to use Caffeine cache in production.You can switch to using Caffeine cache, by adding it and org.springframework.cache.caffeine.CaffeineCacheManager to the classpath.
2025-06-29 05:47:27 [main] INFO  o.s.b.a.e.web.EndpointLinksResolver - Exposing 26 endpoints beneath base path '/actuator'
2025-06-29 05:47:27 [main] INFO  o.s.b.w.e.tomcat.TomcatWebServer - Tomcat started on port 8600 (http) with context path '/order-service'
2025-06-29 05:47:27 [main] INFO  c.p.o.OrderServiceApplication - Started OrderServiceApplication in 22.411 seconds (process running for 24.894)
2025-06-29 05:51:22 [http-nio-8600-exec-1] INFO  o.a.c.c.C.[.[.[/order-service] - Initializing Spring DispatcherServlet 'dispatcherServlet'
2025-06-29 05:51:22 [http-nio-8600-exec-1] INFO  o.s.web.servlet.DispatcherServlet - Initializing Servlet 'dispatcherServlet'
2025-06-29 05:51:22 [http-nio-8600-exec-1] DEBUG o.s.web.servlet.DispatcherServlet - Detected StandardServletMultipartResolver
2025-06-29 05:51:22 [http-nio-8600-exec-1] DEBUG o.s.web.servlet.DispatcherServlet - Detected AcceptHeaderLocaleResolver
2025-06-29 05:51:22 [http-nio-8600-exec-1] DEBUG o.s.web.servlet.DispatcherServlet - Detected FixedThemeResolver
2025-06-29 05:51:22 [http-nio-8600-exec-1] DEBUG o.s.web.servlet.DispatcherServlet - Detected org.springframework.web.servlet.view.DefaultRequestToViewNameTranslator@16f108a4
2025-06-29 05:51:22 [http-nio-8600-exec-1] DEBUG o.s.web.servlet.DispatcherServlet - Detected org.springframework.web.servlet.support.SessionFlashMapManager@1ed28f57
2025-06-29 05:51:22 [http-nio-8600-exec-1] DEBUG o.s.web.servlet.DispatcherServlet - enableLoggingRequestDetails='false': request parameters and headers will be masked to prevent unsafe logging of potentially sensitive data
2025-06-29 05:51:22 [http-nio-8600-exec-1] INFO  o.s.web.servlet.DispatcherServlet - Completed initialization in 12 ms
2025-06-29 05:51:22 [http-nio-8600-exec-1] DEBUG o.s.web.servlet.DispatcherServlet - GET "/order-service/swagger-ui/index.html", parameters={}
2025-06-29 05:51:22 [http-nio-8600-exec-1] DEBUG o.s.w.s.h.SimpleUrlHandlerMapping - Mapped to ResourceHttpRequestHandler [classpath [META-INF/resources/webjars/]]
2025-06-29 05:51:22 [http-nio-8600-exec-1] DEBUG o.s.web.servlet.DispatcherServlet - Completed 200 OK
2025-06-29 05:51:22 [http-nio-8600-exec-2] DEBUG o.s.web.servlet.DispatcherServlet - GET "/order-service/swagger-ui/swagger-ui.css", parameters={}
2025-06-29 05:51:22 [http-nio-8600-exec-2] DEBUG o.s.w.s.h.SimpleUrlHandlerMapping - Mapped to ResourceHttpRequestHandler [classpath [META-INF/resources/webjars/]]
2025-06-29 05:51:22 [http-nio-8600-exec-3] DEBUG o.s.web.servlet.DispatcherServlet - GET "/order-service/swagger-ui/index.css", parameters={}
2025-06-29 05:51:22 [http-nio-8600-exec-4] DEBUG o.s.web.servlet.DispatcherServlet - GET "/order-service/swagger-ui/swagger-ui-bundle.js", parameters={}
2025-06-29 05:51:22 [http-nio-8600-exec-5] DEBUG o.s.web.servlet.DispatcherServlet - GET "/order-service/swagger-ui/swagger-initializer.js", parameters={}
2025-06-29 05:51:22 [http-nio-8600-exec-4] DEBUG o.s.w.s.h.SimpleUrlHandlerMapping - Mapped to ResourceHttpRequestHandler [classpath [META-INF/resources/webjars/]]
2025-06-29 05:51:22 [http-nio-8600-exec-3] DEBUG o.s.w.s.h.SimpleUrlHandlerMapping - Mapped to ResourceHttpRequestHandler [classpath [META-INF/resources/webjars/]]
2025-06-29 05:51:22 [http-nio-8600-exec-2] DEBUG o.s.web.servlet.DispatcherServlet - Completed 200 OK
2025-06-29 05:51:22 [http-nio-8600-exec-6] DEBUG o.s.web.servlet.DispatcherServlet - GET "/order-service/swagger-ui/swagger-ui-standalone-preset.js", parameters={}
2025-06-29 05:51:22 [http-nio-8600-exec-5] DEBUG o.s.w.s.h.SimpleUrlHandlerMapping - Mapped to ResourceHttpRequestHandler [classpath [META-INF/resources/webjars/]]
2025-06-29 05:51:22 [http-nio-8600-exec-3] DEBUG o.s.web.servlet.DispatcherServlet - Completed 200 OK
2025-06-29 05:51:22 [http-nio-8600-exec-6] DEBUG o.s.w.s.h.SimpleUrlHandlerMapping - Mapped to ResourceHttpRequestHandler [classpath [META-INF/resources/webjars/]]
2025-06-29 05:51:22 [http-nio-8600-exec-6] DEBUG o.s.web.servlet.DispatcherServlet - Completed 200 OK
2025-06-29 05:51:22 [http-nio-8600-exec-4] DEBUG o.s.web.servlet.DispatcherServlet - Completed 200 OK
2025-06-29 05:51:22 [http-nio-8600-exec-5] DEBUG o.s.web.servlet.DispatcherServlet - Completed 200 OK
2025-06-29 05:51:22 [http-nio-8600-exec-7] DEBUG o.s.web.servlet.DispatcherServlet - GET "/order-service/swagger-ui/favicon-32x32.png", parameters={}
2025-06-29 05:51:22 [http-nio-8600-exec-7] DEBUG o.s.w.s.h.SimpleUrlHandlerMapping - Mapped to ResourceHttpRequestHandler [classpath [META-INF/resources/webjars/]]
2025-06-29 05:51:22 [http-nio-8600-exec-7] DEBUG o.s.web.servlet.DispatcherServlet - Completed 200 OK
2025-06-29 05:51:22 [http-nio-8600-exec-8] DEBUG o.s.web.servlet.DispatcherServlet - GET "/order-service/api-docs/swagger-config", parameters={}
2025-06-29 05:51:22 [http-nio-8600-exec-8] DEBUG o.s.w.s.m.m.a.RequestMappingHandlerMapping - Mapped to org.springdoc.webmvc.ui.SwaggerConfigResource#openapiJson(HttpServletRequest)
2025-06-29 05:51:22 [http-nio-8600-exec-8] DEBUG o.s.w.s.m.m.a.RequestResponseBodyMethodProcessor - Using 'application/json', given [*/*] and supported [application/json]
2025-06-29 05:51:22 [http-nio-8600-exec-8] DEBUG o.s.w.s.m.m.a.RequestResponseBodyMethodProcessor - Writing [{configUrl=/order-service/api-docs/swagger-config, filter=true, oauth2RedirectUrl=http://localhost:8 (truncated)...]
2025-06-29 05:51:22 [http-nio-8600-exec-8] DEBUG o.s.web.servlet.DispatcherServlet - Completed 200 OK
2025-06-29 05:51:22 [http-nio-8600-exec-9] DEBUG o.s.web.servlet.DispatcherServlet - GET "/order-service/api-docs", parameters={}
2025-06-29 05:51:23 [http-nio-8600-exec-9] DEBUG o.s.w.s.m.m.a.RequestMappingHandlerMapping - Mapped to org.springdoc.webmvc.api.OpenApiWebMvcResource#openapiJson(HttpServletRequest, String, Locale)
2025-06-29 05:51:23 [http-nio-8600-exec-9] INFO  o.s.api.AbstractOpenApiResource - Init duration for springdoc-openapi is: 888 ms
2025-06-29 05:51:24 [http-nio-8600-exec-9] DEBUG o.s.w.s.m.m.a.RequestResponseBodyMethodProcessor - Using 'application/json', given [application/json, */*] and supported [application/json]
2025-06-29 05:51:24 [http-nio-8600-exec-9] DEBUG o.s.w.s.m.m.a.RequestResponseBodyMethodProcessor - Writing [{123, 34, 111, 112, 101, 110, 97, 112, 105, 34, 58, 34, 51, 46, 48, 46, 49, 34, 44, 34, 105, 110, 10 (truncated)...]
2025-06-29 05:51:24 [http-nio-8600-exec-9] DEBUG o.s.web.servlet.DispatcherServlet - Completed 200 OK
2025-06-29 17:36:55 [main] INFO  c.p.o.OrderServiceApplication - Starting OrderServiceApplication v0.0.1-SNAPSHOT using Java 21.0.7 with PID 1 (/app/app.jar started by root in /app)
2025-06-29 17:36:55 [main] DEBUG c.p.o.OrderServiceApplication - Running with Spring Boot v3.3.0, Spring v6.1.8
2025-06-29 17:36:55 [main] INFO  c.p.o.OrderServiceApplication - The following 1 profile is active: "dev"
2025-06-29 17:36:56 [main] INFO  o.s.c.c.c.ConfigServerConfigDataLoader - Fetching config from server at : http://localhost:9296
2025-06-29 17:36:56 [main] INFO  o.s.c.c.c.ConfigServerConfigDataLoader - Exception on Url - http://localhost:9296:org.springframework.web.client.ResourceAccessException: I/O error on GET request for "http://localhost:9296/ORDER-SERVICE/default": Connection refused. Will be trying the next url if available
2025-06-29 17:36:56 [main] WARN  o.s.c.c.c.ConfigServerConfigDataLoader - Could not locate PropertySource ([ConfigServerConfigDataResource@5d332969 uris = array<String>['http://localhost:9296'], optional = true, profiles = 'default']): I/O error on GET request for "http://localhost:9296/ORDER-SERVICE/default": Connection refused
2025-06-29 17:36:56 [main] INFO  o.s.c.c.c.ConfigServerConfigDataLoader - Fetching config from server at : http://localhost:9296
2025-06-29 17:36:56 [main] INFO  o.s.c.c.c.ConfigServerConfigDataLoader - Exception on Url - http://localhost:9296:org.springframework.web.client.ResourceAccessException: I/O error on GET request for "http://localhost:9296/ORDER-SERVICE/dev": Connection refused. Will be trying the next url if available
2025-06-29 17:36:56 [main] WARN  o.s.c.c.c.ConfigServerConfigDataLoader - Could not locate PropertySource ([ConfigServerConfigDataResource@5dda14d0 uris = array<String>['http://localhost:9296'], optional = true, profiles = 'dev']): I/O error on GET request for "http://localhost:9296/ORDER-SERVICE/dev": Connection refused
2025-06-29 17:36:56 [main] INFO  o.s.c.c.c.ConfigServerConfigDataLoader - Fetching config from server at : http://localhost:9296
2025-06-29 17:36:56 [main] INFO  o.s.c.c.c.ConfigServerConfigDataLoader - Exception on Url - http://localhost:9296:org.springframework.web.client.ResourceAccessException: I/O error on GET request for "http://localhost:9296/ORDER-SERVICE/default": Connection refused. Will be trying the next url if available
2025-06-29 17:36:56 [main] WARN  o.s.c.c.c.ConfigServerConfigDataLoader - Could not locate PropertySource ([ConfigServerConfigDataResource@1db0ec27 uris = array<String>['http://localhost:9296'], optional = true, profiles = 'default']): I/O error on GET request for "http://localhost:9296/ORDER-SERVICE/default": Connection refused
2025-06-29 17:37:08 [main] INFO  o.s.d.r.c.RepositoryConfigurationDelegate - Bootstrapping Spring Data JPA repositories in DEFAULT mode.
2025-06-29 17:37:10 [main] INFO  o.s.d.r.c.RepositoryConfigurationDelegate - Finished Spring Data repository scanning in 1974 ms. Found 2 JPA repository interfaces.
2025-06-29 17:37:14 [main] INFO  o.s.cloud.context.scope.GenericScope - BeanFactory id=d051600d-dc4e-3f76-a5db-6a5c8080ab49
2025-06-29 17:37:18 [main] WARN  o.s.c.s.PostProcessorRegistrationDelegate$BeanPostProcessorChecker - Bean 'org.springframework.cloud.client.loadbalancer.LoadBalancerAutoConfiguration$DeferringLoadBalancerInterceptorConfig' of type [org.springframework.cloud.client.loadbalancer.LoadBalancerAutoConfiguration$DeferringLoadBalancerInterceptorConfig] is not eligible for getting processed by all BeanPostProcessors (for example: not eligible for auto-proxying). The currently created BeanPostProcessor [lbRestClientPostProcessor] is declared through a non-static factory method on that class; consider declaring it as static instead.
2025-06-29 17:37:18 [main] WARN  o.s.c.s.PostProcessorRegistrationDelegate$BeanPostProcessorChecker - Bean 'deferringLoadBalancerInterceptor' of type [org.springframework.cloud.client.loadbalancer.DeferringLoadBalancerInterceptor] is not eligible for getting processed by all BeanPostProcessors (for example: not eligible for auto-proxying). Is this bean getting eagerly injected into a currently created BeanPostProcessor [lbRestClientPostProcessor]? Check the corresponding BeanPostProcessor declaration and its dependencies.
2025-06-29 17:37:21 [main] INFO  o.s.b.w.e.tomcat.TomcatWebServer - Tomcat initialized with port 8600 (http)
2025-06-29 17:37:21 [main] INFO  o.a.catalina.core.StandardService - Starting service [Tomcat]
2025-06-29 17:37:21 [main] INFO  o.a.catalina.core.StandardEngine - Starting Servlet engine: [Apache Tomcat/10.1.24]
2025-06-29 17:37:21 [main] INFO  o.a.c.c.C.[.[.[/order-service] - Initializing Spring embedded WebApplicationContext
2025-06-29 17:37:21 [main] INFO  o.s.b.w.s.c.ServletWebServerApplicationContext - Root WebApplicationContext: initialization completed in 25473 ms
2025-06-29 17:37:23 [main] DEBUG o.s.w.f.ServerHttpObservationFilter - Filter 'webMvcObservationFilter' configured for use
2025-06-29 17:37:25 [main] INFO  com.zaxxer.hikari.HikariDataSource - HikariPool-1 - Starting...
2025-06-29 17:37:27 [main] INFO  com.zaxxer.hikari.pool.HikariPool - HikariPool-1 - Added connection com.mysql.cj.jdbc.ConnectionImpl@1b881f1f
2025-06-29 17:37:27 [main] INFO  com.zaxxer.hikari.HikariDataSource - HikariPool-1 - Start completed.
2025-06-29 17:37:28 [main] INFO  org.flywaydb.core.FlywayExecutor - Database: jdbc:mysql://order-mysql:3306/order_service (MySQL 8.0)
2025-06-29 17:37:28 [main] INFO  o.f.core.internal.command.DbValidate - Successfully validated 4 migrations (execution time 00:00.183s)
2025-06-29 17:37:28 [main] INFO  o.f.core.internal.command.DbMigrate - Current version of schema `order_service`: 2
2025-06-29 17:37:28 [main] INFO  o.f.core.internal.command.DbMigrate - Migrating schema `order_service` to version "3 - enhance orders table"
2025-06-29 17:37:31 [main] INFO  o.f.core.internal.command.DbMigrate - Migrating schema `order_service` to version "4 - enhance order items table"
2025-06-29 17:37:32 [main] INFO  o.f.core.internal.command.DbMigrate - Successfully applied 2 migrations to schema `order_service`, now at version v4 (execution time 00:03.253s)
2025-06-29 17:37:33 [main] INFO  o.h.jpa.internal.util.LogHelper - HHH000204: Processing PersistenceUnitInfo [name: default]
2025-06-29 17:37:34 [main] INFO  org.hibernate.Version - HHH000412: Hibernate ORM core version 6.5.2.Final
2025-06-29 17:37:34 [main] INFO  o.h.c.i.RegionFactoryInitiator - HHH000026: Second-level cache disabled
2025-06-29 17:37:35 [main] INFO  o.s.o.j.p.SpringPersistenceUnitInfo - No LoadTimeWeaver setup: ignoring JPA class transformer
2025-06-29 17:37:40 [main] INFO  o.h.e.t.j.p.i.JtaPlatformInitiator - HHH000489: No JTA platform available (set 'hibernate.transaction.jta.platform' to enable JTA platform integration)
2025-06-29 17:37:41 [main] INFO  o.s.o.j.LocalContainerEntityManagerFactoryBean - Initialized JPA EntityManagerFactory for persistence unit 'default'
2025-06-29 17:37:43 [main] INFO  o.s.d.j.r.query.QueryEnhancerFactory - Hibernate is in classpath; If applicable, HQL parser will be used.
2025-06-29 17:37:46 [main] WARN  o.s.b.a.o.j.JpaBaseConfiguration$JpaWebConfiguration - spring.jpa.open-in-view is enabled by default. Therefore, database queries may be performed during view rendering. Explicitly configure spring.jpa.open-in-view to disable this warning
2025-06-29 17:37:47 [main] DEBUG o.s.w.s.m.m.a.RequestMappingHandlerMapping - 27 mappings in 'requestMappingHandlerMapping'
2025-06-29 17:37:48 [main] DEBUG o.s.w.s.h.SimpleUrlHandlerMapping - Patterns [/webjars/**, /**, /swagger-ui*/*swagger-initializer.js, /swagger-ui*/**] in 'resourceHandlerMapping'
2025-06-29 17:37:48 [main] DEBUG o.s.w.s.m.m.a.RequestMappingHandlerAdapter - ControllerAdvice beans: 0 @ModelAttribute, 0 @InitBinder, 1 RequestBodyAdvice, 1 ResponseBodyAdvice
2025-06-29 17:37:48 [main] DEBUG o.s.w.s.m.m.a.ExceptionHandlerExceptionResolver - ControllerAdvice beans: 1 @ExceptionHandler, 1 ResponseBodyAdvice
2025-06-29 17:37:54 [main] INFO  o.s.c.n.e.c.DiscoveryClientOptionalArgsConfiguration - Eureka HTTP Client uses RestTemplate.
2025-06-29 17:37:54 [main] WARN  o.s.c.l.c.LoadBalancerCacheAutoConfiguration$LoadBalancerCaffeineWarnLogger - Spring Cloud LoadBalancer is currently working with the default cache. While this cache implementation is useful for development and tests, it's recommended to use Caffeine cache in production.You can switch to using Caffeine cache, by adding it and org.springframework.cache.caffeine.CaffeineCacheManager to the classpath.
2025-06-29 17:37:54 [main] INFO  o.s.b.a.e.web.EndpointLinksResolver - Exposing 26 endpoints beneath base path '/actuator'
2025-06-29 17:37:55 [main] INFO  o.s.b.w.e.tomcat.TomcatWebServer - Tomcat started on port 8600 (http) with context path '/order-service'
2025-06-29 17:37:55 [main] INFO  c.p.o.OrderServiceApplication - Started OrderServiceApplication in 71.891 seconds (process running for 78.279)
2025-06-29 17:42:43 [http-nio-8600-exec-1] INFO  o.a.c.c.C.[.[.[/order-service] - Initializing Spring DispatcherServlet 'dispatcherServlet'
2025-06-29 17:42:43 [http-nio-8600-exec-1] INFO  o.s.web.servlet.DispatcherServlet - Initializing Servlet 'dispatcherServlet'
2025-06-29 17:42:43 [http-nio-8600-exec-1] DEBUG o.s.web.servlet.DispatcherServlet - Detected StandardServletMultipartResolver
2025-06-29 17:42:43 [http-nio-8600-exec-1] DEBUG o.s.web.servlet.DispatcherServlet - Detected AcceptHeaderLocaleResolver
2025-06-29 17:42:43 [http-nio-8600-exec-1] DEBUG o.s.web.servlet.DispatcherServlet - Detected FixedThemeResolver
2025-06-29 17:42:43 [http-nio-8600-exec-1] DEBUG o.s.web.servlet.DispatcherServlet - Detected org.springframework.web.servlet.view.DefaultRequestToViewNameTranslator@448f656
2025-06-29 17:42:43 [http-nio-8600-exec-1] DEBUG o.s.web.servlet.DispatcherServlet - Detected org.springframework.web.servlet.support.SessionFlashMapManager@3bd6ce4e
2025-06-29 17:42:43 [http-nio-8600-exec-1] DEBUG o.s.web.servlet.DispatcherServlet - enableLoggingRequestDetails='false': request parameters and headers will be masked to prevent unsafe logging of potentially sensitive data
2025-06-29 17:42:43 [http-nio-8600-exec-1] INFO  o.s.web.servlet.DispatcherServlet - Completed initialization in 15 ms
2025-06-29 17:42:43 [http-nio-8600-exec-1] DEBUG o.s.web.servlet.DispatcherServlet - GET "/order-service/swagger-ui.html", parameters={}
2025-06-29 17:42:43 [http-nio-8600-exec-1] DEBUG o.s.w.s.m.m.a.RequestMappingHandlerMapping - Mapped to org.springdoc.webmvc.ui.SwaggerWelcomeWebMvc#redirectToUi(HttpServletRequest)
2025-06-29 17:42:43 [http-nio-8600-exec-1] DEBUG o.s.w.s.m.m.a.HttpEntityMethodProcessor - Using 'application/json;q=0.8', given [text/html, application/xhtml+xml, image/avif, image/webp, image/apng, application/xml;q=0.9, */*;q=0.8, application/signed-exchange;v=b3;q=0.7] and supported [application/json, application/*+json]
2025-06-29 17:42:43 [http-nio-8600-exec-1] DEBUG o.s.w.s.m.m.a.HttpEntityMethodProcessor - Nothing to write: null body
2025-06-29 17:42:43 [http-nio-8600-exec-1] DEBUG o.s.web.servlet.DispatcherServlet - Completed 302 FOUND
2025-06-29 17:42:43 [http-nio-8600-exec-2] DEBUG o.s.web.servlet.DispatcherServlet - GET "/order-service/swagger-ui/index.html", parameters={}
2025-06-29 17:42:43 [http-nio-8600-exec-2] DEBUG o.s.w.s.h.SimpleUrlHandlerMapping - Mapped to ResourceHttpRequestHandler [classpath [META-INF/resources/webjars/]]
2025-06-29 17:42:43 [http-nio-8600-exec-2] DEBUG o.s.web.servlet.DispatcherServlet - Completed 200 OK
2025-06-29 17:42:43 [http-nio-8600-exec-3] DEBUG o.s.web.servlet.DispatcherServlet - GET "/order-service/swagger-ui/swagger-ui.css", parameters={}
2025-06-29 17:42:43 [http-nio-8600-exec-5] DEBUG o.s.web.servlet.DispatcherServlet - GET "/order-service/swagger-ui/index.css", parameters={}
2025-06-29 17:42:43 [http-nio-8600-exec-3] DEBUG o.s.w.s.h.SimpleUrlHandlerMapping - Mapped to ResourceHttpRequestHandler [classpath [META-INF/resources/webjars/]]
2025-06-29 17:42:43 [http-nio-8600-exec-4] DEBUG o.s.web.servlet.DispatcherServlet - GET "/order-service/swagger-ui/swagger-ui-bundle.js", parameters={}
2025-06-29 17:42:43 [http-nio-8600-exec-5] DEBUG o.s.w.s.h.SimpleUrlHandlerMapping - Mapped to ResourceHttpRequestHandler [classpath [META-INF/resources/webjars/]]
2025-06-29 17:42:43 [http-nio-8600-exec-6] DEBUG o.s.web.servlet.DispatcherServlet - GET "/order-service/swagger-ui/swagger-ui-standalone-preset.js", parameters={}
2025-06-29 17:42:43 [http-nio-8600-exec-4] DEBUG o.s.w.s.h.SimpleUrlHandlerMapping - Mapped to ResourceHttpRequestHandler [classpath [META-INF/resources/webjars/]]
2025-06-29 17:42:43 [http-nio-8600-exec-7] DEBUG o.s.web.servlet.DispatcherServlet - GET "/order-service/swagger-ui/swagger-initializer.js", parameters={}
2025-06-29 17:42:43 [http-nio-8600-exec-6] DEBUG o.s.w.s.h.SimpleUrlHandlerMapping - Mapped to ResourceHttpRequestHandler [classpath [META-INF/resources/webjars/]]
2025-06-29 17:42:44 [http-nio-8600-exec-7] DEBUG o.s.w.s.h.SimpleUrlHandlerMapping - Mapped to ResourceHttpRequestHandler [classpath [META-INF/resources/webjars/]]
2025-06-29 17:42:44 [http-nio-8600-exec-5] DEBUG o.s.web.servlet.DispatcherServlet - Completed 200 OK
2025-06-29 17:42:44 [http-nio-8600-exec-3] DEBUG o.s.web.servlet.DispatcherServlet - Completed 200 OK
2025-06-29 17:42:44 [http-nio-8600-exec-6] DEBUG o.s.web.servlet.DispatcherServlet - Completed 200 OK
2025-06-29 17:42:44 [http-nio-8600-exec-4] DEBUG o.s.web.servlet.DispatcherServlet - Completed 200 OK
2025-06-29 17:42:44 [http-nio-8600-exec-7] DEBUG o.s.web.servlet.DispatcherServlet - Completed 200 OK
2025-06-29 17:42:44 [http-nio-8600-exec-9] DEBUG o.s.web.servlet.DispatcherServlet - GET "/order-service/api-docs/swagger-config", parameters={}
2025-06-29 17:42:44 [http-nio-8600-exec-9] DEBUG o.s.w.s.m.m.a.RequestMappingHandlerMapping - Mapped to org.springdoc.webmvc.ui.SwaggerConfigResource#openapiJson(HttpServletRequest)
2025-06-29 17:42:44 [http-nio-8600-exec-8] DEBUG o.s.web.servlet.DispatcherServlet - GET "/order-service/swagger-ui/favicon-32x32.png", parameters={}
2025-06-29 17:42:44 [http-nio-8600-exec-9] DEBUG o.s.w.s.m.m.a.RequestResponseBodyMethodProcessor - Using 'application/json', given [*/*] and supported [application/json]
2025-06-29 17:42:44 [http-nio-8600-exec-8] DEBUG o.s.w.s.h.SimpleUrlHandlerMapping - Mapped to ResourceHttpRequestHandler [classpath [META-INF/resources/webjars/]]
2025-06-29 17:42:44 [http-nio-8600-exec-9] DEBUG o.s.w.s.m.m.a.RequestResponseBodyMethodProcessor - Writing [{configUrl=/order-service/api-docs/swagger-config, filter=true, oauth2RedirectUrl=http://localhost:8 (truncated)...]
2025-06-29 17:42:44 [http-nio-8600-exec-8] DEBUG o.s.web.servlet.DispatcherServlet - Completed 200 OK
2025-06-29 17:42:44 [http-nio-8600-exec-9] DEBUG o.s.web.servlet.DispatcherServlet - Completed 200 OK
2025-06-29 17:42:44 [http-nio-8600-exec-10] DEBUG o.s.web.servlet.DispatcherServlet - GET "/order-service/api-docs", parameters={}
2025-06-29 17:42:44 [http-nio-8600-exec-10] DEBUG o.s.w.s.m.m.a.RequestMappingHandlerMapping - Mapped to org.springdoc.webmvc.api.OpenApiWebMvcResource#openapiJson(HttpServletRequest, String, Locale)
2025-06-29 17:42:47 [http-nio-8600-exec-10] INFO  o.s.api.AbstractOpenApiResource - Init duration for springdoc-openapi is: 2727 ms
2025-06-29 17:42:47 [http-nio-8600-exec-10] DEBUG o.s.w.s.m.m.a.RequestResponseBodyMethodProcessor - Using 'application/json', given [application/json, */*] and supported [application/json]
2025-06-29 17:42:47 [http-nio-8600-exec-10] DEBUG o.s.w.s.m.m.a.RequestResponseBodyMethodProcessor - Writing [{123, 34, 111, 112, 101, 110, 97, 112, 105, 34, 58, 34, 51, 46, 48, 46, 49, 34, 44, 34, 105, 110, 10 (truncated)...]
2025-06-29 17:42:47 [http-nio-8600-exec-10] DEBUG o.s.web.servlet.DispatcherServlet - Completed 200 OK
